{"C:\\Users\\TEMP.LAPTOP-472528GC.004\\Desktop\\ZeroToMastery\\PersonalProjects\\To_Do_List\\todo_frontend\\src\\components\\ProfileBar\\ProfileBar.tsx": {"path":"C:\\Users\\TEMP.LAPTOP-472528GC.004\\Desktop\\ZeroToMastery\\PersonalProjects\\To_Do_List\\todo_frontend\\src\\components\\ProfileBar\\ProfileBar.tsx","all":false,"statementMap":{"0":{"start":{"line":1,"column":0},"end":{"line":1,"column":47}},"1":{"start":{"line":2,"column":0},"end":{"line":2,"column":0}},"2":{"start":{"line":3,"column":0},"end":{"line":3,"column":14}},"3":{"start":{"line":4,"column":0},"end":{"line":4,"column":21}},"4":{"start":{"line":5,"column":0},"end":{"line":5,"column":12}},"5":{"start":{"line":6,"column":0},"end":{"line":6,"column":38}},"6":{"start":{"line":7,"column":0},"end":{"line":7,"column":28}},"7":{"start":{"line":8,"column":0},"end":{"line":8,"column":8}},"8":{"start":{"line":9,"column":0},"end":{"line":9,"column":46}},"9":{"start":{"line":10,"column":0},"end":{"line":10,"column":87}},"10":{"start":{"line":11,"column":0},"end":{"line":11,"column":1}},"11":{"start":{"line":12,"column":0},"end":{"line":12,"column":0}},"12":{"start":{"line":13,"column":0},"end":{"line":13,"column":119}},"13":{"start":{"line":14,"column":0},"end":{"line":14,"column":34}},"14":{"start":{"line":15,"column":0},"end":{"line":15,"column":85}},"15":{"start":{"line":16,"column":0},"end":{"line":16,"column":81}},"16":{"start":{"line":17,"column":0},"end":{"line":17,"column":0}},"17":{"start":{"line":18,"column":0},"end":{"line":18,"column":38}},"18":{"start":{"line":19,"column":0},"end":{"line":19,"column":75}},"19":{"start":{"line":20,"column":0},"end":{"line":20,"column":43}},"20":{"start":{"line":21,"column":0},"end":{"line":21,"column":5}},"21":{"start":{"line":22,"column":0},"end":{"line":22,"column":0}},"22":{"start":{"line":23,"column":0},"end":{"line":23,"column":11}},"23":{"start":{"line":24,"column":0},"end":{"line":24,"column":13}},"24":{"start":{"line":25,"column":0},"end":{"line":25,"column":33}},"25":{"start":{"line":26,"column":0},"end":{"line":26,"column":62}},"26":{"start":{"line":27,"column":0},"end":{"line":27,"column":55}},"27":{"start":{"line":28,"column":0},"end":{"line":28,"column":51}},"28":{"start":{"line":29,"column":0},"end":{"line":29,"column":0}},"29":{"start":{"line":30,"column":0},"end":{"line":30,"column":89}},"30":{"start":{"line":31,"column":0},"end":{"line":31,"column":41}},"31":{"start":{"line":32,"column":0},"end":{"line":32,"column":0}},"32":{"start":{"line":33,"column":0},"end":{"line":33,"column":69}},"33":{"start":{"line":34,"column":0},"end":{"line":34,"column":14}},"34":{"start":{"line":35,"column":0},"end":{"line":35,"column":5}},"35":{"start":{"line":36,"column":0},"end":{"line":36,"column":1}}},"s":{"0":1,"1":1,"2":1,"3":1,"4":1,"5":1,"6":1,"7":1,"8":1,"9":1,"10":1,"11":1,"12":1,"13":2,"14":2,"15":2,"16":2,"17":2,"18":2,"19":0,"20":2,"21":2,"22":2,"23":2,"24":2,"25":2,"26":2,"27":2,"28":2,"29":2,"30":2,"31":2,"32":2,"33":2,"34":2,"35":2},"branchMap":{"0":{"type":"branch","line":13,"loc":{"start":{"line":13,"column":43},"end":{"line":36,"column":1}},"locations":[{"start":{"line":13,"column":43},"end":{"line":36,"column":1}}]},"1":{"type":"branch","line":15,"loc":{"start":{"line":15,"column":40},"end":{"line":15,"column":77}},"locations":[{"start":{"line":15,"column":40},"end":{"line":15,"column":77}}]},"2":{"type":"branch","line":16,"loc":{"start":{"line":16,"column":38},"end":{"line":16,"column":73}},"locations":[{"start":{"line":16,"column":38},"end":{"line":16,"column":73}}]},"3":{"type":"branch","line":18,"loc":{"start":{"line":18,"column":31},"end":{"line":21,"column":5}},"locations":[{"start":{"line":18,"column":31},"end":{"line":21,"column":5}}]},"4":{"type":"branch","line":19,"loc":{"start":{"line":19,"column":74},"end":{"line":20,"column":43}},"locations":[{"start":{"line":19,"column":74},"end":{"line":20,"column":43}}]},"5":{"type":"branch","line":33,"loc":{"start":{"line":33,"column":29},"end":{"line":33,"column":50}},"locations":[{"start":{"line":33,"column":29},"end":{"line":33,"column":50}}]}},"b":{"0":[2],"1":[6],"2":[6],"3":[2],"4":[0],"5":[1]},"fnMap":{"0":{"name":"ProfileBar","decl":{"start":{"line":13,"column":43},"end":{"line":36,"column":1}},"loc":{"start":{"line":13,"column":43},"end":{"line":36,"column":1}},"line":13},"1":{"name":"handleToggleButton","decl":{"start":{"line":18,"column":31},"end":{"line":21,"column":5}},"loc":{"start":{"line":18,"column":31},"end":{"line":21,"column":5}},"line":18},"2":{"name":"onClick","decl":{"start":{"line":33,"column":29},"end":{"line":33,"column":50}},"loc":{"start":{"line":33,"column":29},"end":{"line":33,"column":50}},"line":33}},"f":{"0":2,"1":2,"2":1}}
,"C:\\Users\\TEMP.LAPTOP-472528GC.004\\Desktop\\ZeroToMastery\\PersonalProjects\\To_Do_List\\todo_frontend\\src\\components\\RegisterModal\\RegisterModal.tsx": {"path":"C:\\Users\\TEMP.LAPTOP-472528GC.004\\Desktop\\ZeroToMastery\\PersonalProjects\\To_Do_List\\todo_frontend\\src\\components\\RegisterModal\\RegisterModal.tsx","all":false,"statementMap":{"0":{"start":{"line":1,"column":0},"end":{"line":1,"column":33}},"1":{"start":{"line":2,"column":0},"end":{"line":2,"column":55}},"2":{"start":{"line":3,"column":0},"end":{"line":3,"column":45}},"3":{"start":{"line":4,"column":0},"end":{"line":4,"column":0}},"4":{"start":{"line":5,"column":0},"end":{"line":5,"column":14}},"5":{"start":{"line":6,"column":0},"end":{"line":6,"column":64}},"6":{"start":{"line":7,"column":0},"end":{"line":7,"column":1}},"7":{"start":{"line":8,"column":0},"end":{"line":8,"column":0}},"8":{"start":{"line":9,"column":0},"end":{"line":9,"column":17}},"9":{"start":{"line":10,"column":0},"end":{"line":10,"column":17}},"10":{"start":{"line":11,"column":0},"end":{"line":11,"column":18}},"11":{"start":{"line":12,"column":0},"end":{"line":12,"column":21}},"12":{"start":{"line":13,"column":0},"end":{"line":13,"column":29}},"13":{"start":{"line":14,"column":0},"end":{"line":14,"column":1}},"14":{"start":{"line":15,"column":0},"end":{"line":15,"column":0}},"15":{"start":{"line":16,"column":0},"end":{"line":16,"column":80}},"16":{"start":{"line":17,"column":0},"end":{"line":17,"column":112}},"17":{"start":{"line":18,"column":0},"end":{"line":18,"column":34}},"18":{"start":{"line":19,"column":0},"end":{"line":19,"column":159}},"19":{"start":{"line":20,"column":0},"end":{"line":20,"column":81}},"20":{"start":{"line":21,"column":0},"end":{"line":21,"column":4}},"21":{"start":{"line":22,"column":0},"end":{"line":22,"column":101}},"22":{"start":{"line":23,"column":0},"end":{"line":23,"column":56}},"23":{"start":{"line":24,"column":0},"end":{"line":24,"column":16}},"24":{"start":{"line":25,"column":0},"end":{"line":25,"column":50}},"25":{"start":{"line":26,"column":0},"end":{"line":26,"column":60}},"26":{"start":{"line":27,"column":0},"end":{"line":27,"column":62}},"27":{"start":{"line":28,"column":0},"end":{"line":28,"column":8}},"28":{"start":{"line":29,"column":0},"end":{"line":29,"column":100}},"29":{"start":{"line":30,"column":0},"end":{"line":30,"column":128}},"30":{"start":{"line":31,"column":0},"end":{"line":31,"column":127}},"31":{"start":{"line":32,"column":0},"end":{"line":32,"column":0}},"32":{"start":{"line":33,"column":0},"end":{"line":33,"column":59}},"33":{"start":{"line":34,"column":0},"end":{"line":34,"column":8}},"34":{"start":{"line":35,"column":0},"end":{"line":35,"column":0}},"35":{"start":{"line":36,"column":0},"end":{"line":36,"column":71}},"36":{"start":{"line":37,"column":0},"end":{"line":37,"column":39}},"37":{"start":{"line":38,"column":0},"end":{"line":38,"column":110}},"38":{"start":{"line":39,"column":0},"end":{"line":39,"column":53}},"39":{"start":{"line":40,"column":0},"end":{"line":40,"column":0}},"40":{"start":{"line":41,"column":0},"end":{"line":41,"column":45}},"41":{"start":{"line":42,"column":0},"end":{"line":42,"column":43}},"42":{"start":{"line":43,"column":0},"end":{"line":43,"column":48}},"43":{"start":{"line":44,"column":0},"end":{"line":44,"column":10}},"44":{"start":{"line":45,"column":0},"end":{"line":45,"column":44}},"45":{"start":{"line":46,"column":0},"end":{"line":46,"column":5}},"46":{"start":{"line":47,"column":0},"end":{"line":47,"column":4}},"47":{"start":{"line":48,"column":0},"end":{"line":48,"column":35}},"48":{"start":{"line":49,"column":0},"end":{"line":49,"column":27}},"49":{"start":{"line":50,"column":0},"end":{"line":50,"column":5}},"50":{"start":{"line":51,"column":0},"end":{"line":51,"column":1}},"51":{"start":{"line":52,"column":0},"end":{"line":52,"column":11}},"52":{"start":{"line":53,"column":0},"end":{"line":53,"column":10}},"53":{"start":{"line":54,"column":0},"end":{"line":54,"column":133}},"54":{"start":{"line":55,"column":0},"end":{"line":55,"column":58}},"55":{"start":{"line":56,"column":0},"end":{"line":56,"column":81}},"56":{"start":{"line":57,"column":0},"end":{"line":57,"column":118}},"57":{"start":{"line":58,"column":0},"end":{"line":58,"column":22}},"58":{"start":{"line":59,"column":0},"end":{"line":59,"column":77}},"59":{"start":{"line":60,"column":0},"end":{"line":60,"column":91}},"60":{"start":{"line":61,"column":0},"end":{"line":61,"column":130}},"61":{"start":{"line":62,"column":0},"end":{"line":62,"column":144}},"62":{"start":{"line":63,"column":0},"end":{"line":63,"column":0}},"63":{"start":{"line":64,"column":0},"end":{"line":64,"column":90}},"64":{"start":{"line":65,"column":0},"end":{"line":65,"column":139}},"65":{"start":{"line":66,"column":0},"end":{"line":66,"column":137}},"66":{"start":{"line":67,"column":0},"end":{"line":67,"column":0}},"67":{"start":{"line":68,"column":0},"end":{"line":68,"column":0}},"68":{"start":{"line":69,"column":0},"end":{"line":69,"column":95}},"69":{"start":{"line":70,"column":0},"end":{"line":70,"column":138}},"70":{"start":{"line":71,"column":0},"end":{"line":71,"column":140}},"71":{"start":{"line":72,"column":0},"end":{"line":72,"column":0}},"72":{"start":{"line":73,"column":0},"end":{"line":73,"column":110}},"73":{"start":{"line":74,"column":0},"end":{"line":74,"column":158}},"74":{"start":{"line":75,"column":0},"end":{"line":75,"column":148}},"75":{"start":{"line":76,"column":0},"end":{"line":76,"column":0}},"76":{"start":{"line":77,"column":0},"end":{"line":77,"column":123}},"77":{"start":{"line":78,"column":0},"end":{"line":78,"column":23}},"78":{"start":{"line":79,"column":0},"end":{"line":79,"column":18}},"79":{"start":{"line":80,"column":0},"end":{"line":80,"column":92}},"80":{"start":{"line":81,"column":0},"end":{"line":81,"column":18}},"81":{"start":{"line":82,"column":0},"end":{"line":82,"column":11}},"82":{"start":{"line":83,"column":0},"end":{"line":83,"column":5}},"83":{"start":{"line":84,"column":0},"end":{"line":84,"column":1}}},"s":{"0":1,"1":1,"2":1,"3":1,"4":1,"5":1,"6":1,"7":1,"8":1,"9":1,"10":1,"11":1,"12":1,"13":1,"14":1,"15":1,"16":7,"17":7,"18":7,"19":7,"20":7,"21":7,"22":6,"23":6,"24":6,"25":6,"26":6,"27":6,"28":6,"29":5,"30":4,"31":2,"32":2,"33":6,"34":7,"35":7,"36":6,"37":6,"38":6,"39":6,"40":6,"41":2,"42":2,"43":2,"44":4,"45":6,"46":7,"47":7,"48":1,"49":1,"50":7,"51":7,"52":7,"53":7,"54":7,"55":7,"56":7,"57":7,"58":7,"59":7,"60":7,"61":7,"62":7,"63":7,"64":7,"65":7,"66":7,"67":7,"68":7,"69":7,"70":7,"71":7,"72":7,"73":7,"74":7,"75":7,"76":7,"77":7,"78":7,"79":7,"80":7,"81":7,"82":7,"83":7},"branchMap":{"0":{"type":"branch","line":16,"loc":{"start":{"line":16,"column":46},"end":{"line":84,"column":1}},"locations":[{"start":{"line":16,"column":46},"end":{"line":84,"column":1}}]},"1":{"type":"branch","line":66,"loc":{"start":{"line":66,"column":70},"end":{"line":66,"column":94}},"locations":[{"start":{"line":66,"column":70},"end":{"line":66,"column":94}}]},"2":{"type":"branch","line":66,"loc":{"start":{"line":66,"column":94},"end":{"line":66,"column":132}},"locations":[{"start":{"line":66,"column":94},"end":{"line":66,"column":132}}]},"3":{"type":"branch","line":71,"loc":{"start":{"line":71,"column":70},"end":{"line":71,"column":94}},"locations":[{"start":{"line":71,"column":70},"end":{"line":71,"column":94}}]},"4":{"type":"branch","line":71,"loc":{"start":{"line":71,"column":94},"end":{"line":71,"column":135}},"locations":[{"start":{"line":71,"column":94},"end":{"line":71,"column":135}}]},"5":{"type":"branch","line":75,"loc":{"start":{"line":75,"column":70},"end":{"line":75,"column":94}},"locations":[{"start":{"line":75,"column":70},"end":{"line":75,"column":94}}]},"6":{"type":"branch","line":75,"loc":{"start":{"line":75,"column":94},"end":{"line":75,"column":143}},"locations":[{"start":{"line":75,"column":94},"end":{"line":75,"column":143}}]},"7":{"type":"branch","line":22,"loc":{"start":{"line":22,"column":25},"end":{"line":34,"column":8}},"locations":[{"start":{"line":22,"column":25},"end":{"line":34,"column":8}}]},"8":{"type":"branch","line":29,"loc":{"start":{"line":29,"column":26},"end":{"line":29,"column":100}},"locations":[{"start":{"line":29,"column":26},"end":{"line":29,"column":100}}]},"9":{"type":"branch","line":29,"loc":{"start":{"line":29,"column":99},"end":{"line":31,"column":127}},"locations":[{"start":{"line":29,"column":99},"end":{"line":31,"column":127}}]},"10":{"type":"branch","line":30,"loc":{"start":{"line":30,"column":34},"end":{"line":30,"column":128}},"locations":[{"start":{"line":30,"column":34},"end":{"line":30,"column":128}}]},"11":{"type":"branch","line":30,"loc":{"start":{"line":30,"column":127},"end":{"line":31,"column":127}},"locations":[{"start":{"line":30,"column":127},"end":{"line":31,"column":127}}]},"12":{"type":"branch","line":31,"loc":{"start":{"line":31,"column":37},"end":{"line":31,"column":127}},"locations":[{"start":{"line":31,"column":37},"end":{"line":31,"column":127}}]},"13":{"type":"branch","line":31,"loc":{"start":{"line":31,"column":126},"end":{"line":33,"column":59}},"locations":[{"start":{"line":31,"column":126},"end":{"line":33,"column":59}}]},"14":{"type":"branch","line":36,"loc":{"start":{"line":36,"column":25},"end":{"line":46,"column":5}},"locations":[{"start":{"line":36,"column":25},"end":{"line":46,"column":5}}]},"15":{"type":"branch","line":41,"loc":{"start":{"line":41,"column":44},"end":{"line":44,"column":10}},"locations":[{"start":{"line":41,"column":44},"end":{"line":44,"column":10}}]},"16":{"type":"branch","line":44,"loc":{"start":{"line":44,"column":8},"end":{"line":45,"column":44}},"locations":[{"start":{"line":44,"column":8},"end":{"line":45,"column":44}}]},"17":{"type":"branch","line":48,"loc":{"start":{"line":48,"column":29},"end":{"line":50,"column":5}},"locations":[{"start":{"line":48,"column":29},"end":{"line":50,"column":5}}]},"18":{"type":"branch","line":59,"loc":{"start":{"line":59,"column":32},"end":{"line":59,"column":64}},"locations":[{"start":{"line":59,"column":32},"end":{"line":59,"column":64}}]}},"b":{"0":[7],"1":[6],"2":[1],"3":[6],"4":[1],"5":[6],"6":[2],"7":[6],"8":[1],"9":[5],"10":[1],"11":[4],"12":[2],"13":[2],"14":[6],"15":[2],"16":[4],"17":[1],"18":[6]},"fnMap":{"0":{"name":"RegisterModal","decl":{"start":{"line":16,"column":46},"end":{"line":84,"column":1}},"loc":{"start":{"line":16,"column":46},"end":{"line":84,"column":1}},"line":16},"1":{"name":"validateData","decl":{"start":{"line":22,"column":25},"end":{"line":34,"column":8}},"loc":{"start":{"line":22,"column":25},"end":{"line":34,"column":8}},"line":22},"2":{"name":"handleSubmit","decl":{"start":{"line":36,"column":25},"end":{"line":46,"column":5}},"loc":{"start":{"line":36,"column":25},"end":{"line":46,"column":5}},"line":36},"3":{"name":"handleCloseModal","decl":{"start":{"line":48,"column":29},"end":{"line":50,"column":5}},"loc":{"start":{"line":48,"column":29},"end":{"line":50,"column":5}},"line":48},"4":{"name":"onSubmit","decl":{"start":{"line":59,"column":32},"end":{"line":59,"column":64}},"loc":{"start":{"line":59,"column":32},"end":{"line":59,"column":64}},"line":59}},"f":{"0":7,"1":6,"2":6,"3":1,"4":6}}
,"C:\\Users\\TEMP.LAPTOP-472528GC.004\\Desktop\\ZeroToMastery\\PersonalProjects\\To_Do_List\\todo_frontend\\src\\components\\SignIn\\SignIn.tsx": {"path":"C:\\Users\\TEMP.LAPTOP-472528GC.004\\Desktop\\ZeroToMastery\\PersonalProjects\\To_Do_List\\todo_frontend\\src\\components\\SignIn\\SignIn.tsx","all":false,"statementMap":{"0":{"start":{"line":1,"column":0},"end":{"line":1,"column":32}},"1":{"start":{"line":2,"column":0},"end":{"line":2,"column":46}},"2":{"start":{"line":3,"column":0},"end":{"line":3,"column":0}},"3":{"start":{"line":4,"column":0},"end":{"line":4,"column":17}},"4":{"start":{"line":5,"column":0},"end":{"line":5,"column":17}},"5":{"start":{"line":6,"column":0},"end":{"line":6,"column":18}},"6":{"start":{"line":7,"column":0},"end":{"line":7,"column":21}},"7":{"start":{"line":8,"column":0},"end":{"line":8,"column":29}},"8":{"start":{"line":9,"column":0},"end":{"line":9,"column":1}},"9":{"start":{"line":10,"column":0},"end":{"line":10,"column":0}},"10":{"start":{"line":11,"column":0},"end":{"line":11,"column":52}},"11":{"start":{"line":12,"column":0},"end":{"line":12,"column":112}},"12":{"start":{"line":13,"column":0},"end":{"line":13,"column":35}},"13":{"start":{"line":14,"column":0},"end":{"line":14,"column":0}},"14":{"start":{"line":15,"column":0},"end":{"line":15,"column":71}},"15":{"start":{"line":16,"column":0},"end":{"line":16,"column":31}},"16":{"start":{"line":17,"column":0},"end":{"line":17,"column":110}},"17":{"start":{"line":18,"column":0},"end":{"line":18,"column":56}},"18":{"start":{"line":19,"column":0},"end":{"line":19,"column":8}},"19":{"start":{"line":20,"column":0},"end":{"line":20,"column":43}},"20":{"start":{"line":21,"column":0},"end":{"line":21,"column":5}},"21":{"start":{"line":22,"column":0},"end":{"line":22,"column":3}},"22":{"start":{"line":23,"column":0},"end":{"line":23,"column":11}},"23":{"start":{"line":24,"column":0},"end":{"line":24,"column":10}},"24":{"start":{"line":25,"column":0},"end":{"line":25,"column":110}},"25":{"start":{"line":26,"column":0},"end":{"line":26,"column":85}},"26":{"start":{"line":27,"column":0},"end":{"line":27,"column":77}},"27":{"start":{"line":28,"column":0},"end":{"line":28,"column":91}},"28":{"start":{"line":29,"column":0},"end":{"line":29,"column":130}},"29":{"start":{"line":30,"column":0},"end":{"line":30,"column":136}},"30":{"start":{"line":31,"column":0},"end":{"line":31,"column":0}},"31":{"start":{"line":32,"column":0},"end":{"line":32,"column":95}},"32":{"start":{"line":33,"column":0},"end":{"line":33,"column":138}},"33":{"start":{"line":34,"column":0},"end":{"line":34,"column":140}},"34":{"start":{"line":35,"column":0},"end":{"line":35,"column":0}},"35":{"start":{"line":36,"column":0},"end":{"line":36,"column":112}},"36":{"start":{"line":37,"column":0},"end":{"line":37,"column":23}},"37":{"start":{"line":38,"column":0},"end":{"line":38,"column":18}},"38":{"start":{"line":39,"column":0},"end":{"line":39,"column":11}},"39":{"start":{"line":40,"column":0},"end":{"line":40,"column":5}},"40":{"start":{"line":41,"column":0},"end":{"line":41,"column":1}}},"s":{"0":1,"1":1,"2":1,"3":1,"4":1,"5":1,"6":1,"7":1,"8":1,"9":1,"10":1,"11":2,"12":2,"13":2,"14":2,"15":1,"16":1,"17":1,"18":1,"19":1,"20":1,"21":2,"22":2,"23":2,"24":2,"25":2,"26":2,"27":2,"28":2,"29":2,"30":2,"31":2,"32":2,"33":2,"34":2,"35":2,"36":2,"37":2,"38":2,"39":2,"40":2},"branchMap":{"0":{"type":"branch","line":11,"loc":{"start":{"line":11,"column":32},"end":{"line":41,"column":1}},"locations":[{"start":{"line":11,"column":32},"end":{"line":41,"column":1}}]},"1":{"type":"branch","line":30,"loc":{"start":{"line":30,"column":70},"end":{"line":30,"column":94}},"locations":[{"start":{"line":30,"column":70},"end":{"line":30,"column":94}}]},"2":{"type":"branch","line":30,"loc":{"start":{"line":30,"column":94},"end":{"line":30,"column":131}},"locations":[{"start":{"line":30,"column":94},"end":{"line":30,"column":131}}]},"3":{"type":"branch","line":34,"loc":{"start":{"line":34,"column":70},"end":{"line":34,"column":94}},"locations":[{"start":{"line":34,"column":70},"end":{"line":34,"column":94}}]},"4":{"type":"branch","line":34,"loc":{"start":{"line":34,"column":94},"end":{"line":34,"column":135}},"locations":[{"start":{"line":34,"column":94},"end":{"line":34,"column":135}}]},"5":{"type":"branch","line":15,"loc":{"start":{"line":15,"column":25},"end":{"line":21,"column":5}},"locations":[{"start":{"line":15,"column":25},"end":{"line":21,"column":5}}]},"6":{"type":"branch","line":27,"loc":{"start":{"line":27,"column":32},"end":{"line":27,"column":64}},"locations":[{"start":{"line":27,"column":32},"end":{"line":27,"column":64}}]}},"b":{"0":[2],"1":[0],"2":[0],"3":[0],"4":[0],"5":[1],"6":[1]},"fnMap":{"0":{"name":"SignIn","decl":{"start":{"line":11,"column":32},"end":{"line":41,"column":1}},"loc":{"start":{"line":11,"column":32},"end":{"line":41,"column":1}},"line":11},"1":{"name":"handleSubmit","decl":{"start":{"line":15,"column":25},"end":{"line":21,"column":5}},"loc":{"start":{"line":15,"column":25},"end":{"line":21,"column":5}},"line":15},"2":{"name":"onSubmit","decl":{"start":{"line":27,"column":32},"end":{"line":27,"column":64}},"loc":{"start":{"line":27,"column":32},"end":{"line":27,"column":64}},"line":27}},"f":{"0":2,"1":1,"2":1}}
}
